› Planning build
› Copying   ../Library/Developer/Xcode/DerivedData/ResQNet-dhqbaxuocjlvfpbpdskktulkxltx/Build/Products/Debug-iphonesimulator/react-native-maps/ReactNativeMapsPrivacy.bundle/PrivacyInfo.xcprivacy ➜ node_modules/react-native-maps/ios/PrivacyInfo.xcprivacy
› Preparing Pods/glog-glog_privacy » ResourceBundle-glog_privacy-glog-Info.plist
› Executing react-native Pods/hermes-engine » [CP-User] [Hermes] Replace Hermes for the right configuration, if needed
› Preparing Pods/boost-boost_privacy » ResourceBundle-boost_privacy-boost-Info.plist
› Copying   expo-image ../Library/Developer/Xcode/DerivedData/ResQNet-dhqbaxuocjlvfpbpdskktulkxltx/Build/Products/Debug-iphonesimulator/SDWebImage/SDWebImage.bundle/PrivacyInfo.xcprivacy ➜ ios/Pods/SDWebImage/WebImage/PrivacyInfo.xcprivacy
› Preparing Pods/react-native-maps-ReactNativeMapsPrivacy » ResourceBundle-ReactNativeMapsPrivacy-react-native-maps-Info.plist
› Preparing expo-image Pods/SDWebImage-SDWebImage » ResourceBundle-SDWebImage-SDWebImage-Info.plist
› Copying   ../Library/Developer/Xcode/DerivedData/ResQNet-dhqbaxuocjlvfpbpdskktulkxltx/Build/Products/Debug-iphonesimulator/React-cxxreact/React-cxxreact_privacy.bundle/PrivacyInfo.xcprivacy ➜ node_modules/react-native/ReactCommon/cxxreact/PrivacyInfo.xcprivacy
› Copying   ../Library/Developer/Xcode/DerivedData/ResQNet-dhqbaxuocjlvfpbpdskktulkxltx/Build/Products/Debug-iphonesimulator/React-Core/React-Core_privacy.bundle/PrivacyInfo.xcprivacy ➜ node_modules/react-native/React/Resources/PrivacyInfo.xcprivacy
› Copying   ../Library/Developer/Xcode/DerivedData/ResQNet-dhqbaxuocjlvfpbpdskktulkxltx/Build/Products/Debug-iphonesimulator/RNSVG/RNSVGFilters.bundle/RNSVGArithmeticFilter.iphoneos.metallib ➜ node_modules/react-native-svg/apple/Filters/MetalCI/RNSVGArithmeticFilter.iphoneos.metallib
› Copying   ../Library/Developer/Xcode/DerivedData/ResQNet-dhqbaxuocjlvfpbpdskktulkxltx/Build/Products/Debug-iphonesimulator/RNCAsyncStorage/RNCAsyncStorage_resources.bundle/PrivacyInfo.xcprivacy ➜ node_modules/@react-native-async-storage/async-storage/ios/PrivacyInfo.xcprivacy
› Preparing Pods/RCT-Folly-RCT-Folly_privacy » ResourceBundle-RCT-Folly_privacy-RCT-Folly-Info.plist
› Preparing Pods/React-cxxreact-React-cxxreact_privacy » ResourceBundle-React-cxxreact_privacy-React-cxxreact-Info.plist
› Preparing Pods/React-Core-React-Core_privacy » ResourceBundle-React-Core_privacy-React-Core-Info.plist
› Preparing Pods/RNSVG-RNSVGFilters » ResourceBundle-RNSVGFilters-RNSVG-Info.plist
› Copying   ../Library/Developer/Xcode/DerivedData/ResQNet-dhqbaxuocjlvfpbpdskktulkxltx/Build/Products/Debug-iphonesimulator/ExpoSystemUI/ExpoSystemUI_privacy.bundle/PrivacyInfo.xcprivacy ➜ node_modules/expo-system-ui/ios/PrivacyInfo.xcprivacy
› Copying   ../Library/Developer/Xcode/DerivedData/ResQNet-dhqbaxuocjlvfpbpdskktulkxltx/Build/Products/Debug-iphonesimulator/RNSVG/RNSVGFilters.bundle/RNSVGCompositeXor.iphoneos.metallib ➜ node_modules/react-native-svg/apple/Filters/MetalCI/RNSVGCompositeXor.iphoneos.metallib
› Preparing Pods/RNCAsyncStorage-RNCAsyncStorage_resources » ResourceBundle-RNCAsyncStorage_resources-RNCAsyncStorage-Info.plist
› Copying   ../Library/Developer/Xcode/DerivedData/ResQNet-dhqbaxuocjlvfpbpdskktulkxltx/Build/Products/Debug-iphonesimulator/ExpoFileSystem/ExpoFileSystem_privacy.bundle/PrivacyInfo.xcprivacy ➜ node_modules/expo-file-system/ios/PrivacyInfo.xcprivacy
› Preparing Pods/ExpoSystemUI-ExpoSystemUI_privacy » ResourceBundle-ExpoSystemUI_privacy-ExpoSystemUI-Info.plist
› Copying   ../Library/Developer/Xcode/DerivedData/ResQNet-dhqbaxuocjlvfpbpdskktulkxltx/Build/Products/Debug-iphonesimulator/EXConstants/ExpoConstants_privacy.bundle/PrivacyInfo.xcprivacy ➜ node_modules/expo-constants/ios/PrivacyInfo.xcprivacy
› Preparing Pods/ExpoFileSystem-ExpoFileSystem_privacy » ResourceBundle-ExpoFileSystem_privacy-ExpoFileSystem-Info.plist
› Preparing expo-constants Pods/EXConstants-EXConstants » ResourceBundle-EXConstants-EXConstants-Info.plist
› Preparing Pods/EXConstants-ExpoConstants_privacy » ResourceBundle-ExpoConstants_privacy-EXConstants-Info.plist
› Preparing Pods/expo-dev-menu-EXDevMenu » ResourceBundle-EXDevMenu-expo-dev-menu-Info.plist
› Executing react-native Pods/hermes-engine » [CP] Copy XCFrameworks
› Packaging expo-image Pods/libdav1d » liblibdav1d.a
› Packaging react-native Pods/glog » libglog.a
› Packaging Pods/ZXingObjC » libZXingObjC.a
› Packaging expo-image Pods/libwebp » liblibwebp.a
› Packaging react-native Pods/Yoga » libYoga.a
› Packaging expo Pods/SocketRocket » libSocketRocket.a
› Packaging expo-image Pods/SDWebImage » libSDWebImage.a
› Packaging react-native Pods/React-rendererconsistency » libReact-rendererconsistency.a
› Packaging react-native Pods/React-oscompat » libReact-oscompat.a
› Packaging react-native Pods/React-debug » libReact-debug.a
› Packaging react-native Pods/RCTDeprecation » libRCTDeprecation.a
› Packaging expo-json-utils Pods/EXJSONUtils » libEXJSONUtils.a
› Packaging react-native Pods/DoubleConversion » libDoubleConversion.a
› Compiling react-native Pods/fmt » format.cc
› Compiling react-native Pods/ReactCommon » TurboCxxModule.cpp
› Compiling react-native Pods/React-utils » FollyConvert.mm
› Compiling react-native Pods/React-performancetimeline » PerformanceEntryReporter.cpp
› Compiling react-native Pods/React-perflogger » FuseboxTracer.cpp
› Compiling react-native Pods/React-jsitooling » JSRuntimeFactoryCAPI.cpp
› Compiling react-native Pods/React-jsitooling » JSRuntimeFactory.cpp
› Compiling react-native Pods/React-jsinspectortracing » RuntimeSamplingProfileTraceEventSerializer.cpp
› Compiling react-native Pods/React-jsinspectortracing » PerformanceTracer.cpp
› Compiling react-native Pods/React-jsinspectornetwork » NetworkReporter.cpp
› Packaging react-native Pods/fmt » libfmt.a
› Compiling react-native Pods/React-jsinspectornetwork » CdpNetwork.cpp
› Compiling react-native Pods/React-jsinspectorcdp » CdpJson.cpp
› Compiling react-native Pods/React-jsinspector » TracingAgent.cpp
› Compiling react-native Pods/React-jsinspector » RuntimeTargetDebuggerSessionObserver.cpp
› Compiling react-native Pods/React-jsinspector » RuntimeTargetConsole.cpp
› Compiling react-native Pods/React-jsinspector » RuntimeTarget.cpp
› Compiling react-native Pods/React-jsinspector » RuntimeAgent.cpp
› Compiling react-native Pods/React-jsinspector » NetworkIOAgent.cpp
› Compiling react-native Pods/React-jsinspector » InstanceTarget.cpp
› Compiling react-native Pods/React-jsinspector » InstanceAgent.cpp
› Compiling react-native Pods/React-jsinspector » InspectorUtilities.cpp
› Compiling react-native Pods/React-jsinspector » InspectorPackagerConnection.cpp
› Compiling react-native Pods/React-jsinspector » InspectorInterfaces.cpp
› Compiling react-native Pods/React-jsinspector » HostTarget.cpp
› Compiling react-native Pods/React-jsinspector » HostAgent.cpp
› Compiling react-native Pods/React-jsinspector » FallbackRuntimeTargetDelegate.cpp
› Compiling react-native Pods/React-jsinspector » FallbackRuntimeAgentDelegate.cpp
› Compiling react-native Pods/React-jsiexecutor » JSINativeModules.cpp
› Compiling react-native Pods/React-jsiexecutor » JSIExecutor.cpp
› Compiling react-native Pods/React-jsi » JSIDynamic.cpp
› Compiling react-native Pods/React-jserrorhandler » JsErrorHandler.cpp
› Compiling react-native Pods/React-hermes » Registration.cpp
› Compiling react-native Pods/React-hermes » HermesRuntimeTargetDelegate.cpp
› Compiling react-native Pods/React-hermes » HermesRuntimeAgentDelegate.cpp
› Compiling react-native Pods/React-hermes » HermesExecutorFactory.cpp
› Compiling react-native Pods/React-hermes » ConnectionDemux.cpp
› Compiling react-native Pods/React-graphics » PlatformColorParser.mm
› Compiling react-native Pods/React-cxxreact » ReactMarker.cpp
› Compiling react-native Pods/React-cxxreact » RAMBundleRegistry.cpp
› Compiling react-native Pods/React-cxxreact » NativeToJsBridge.cpp
› Compiling react-native Pods/React-cxxreact » ModuleRegistry.cpp
› Compiling react-native Pods/React-cxxreact » MethodCall.cpp
› Compiling react-native Pods/React-cxxreact » JSExecutor.cpp
› Compiling react-native Pods/React-cxxreact » Instance.cpp
› Compiling react-native Pods/React-cxxreact » CxxNativeModule.cpp
› Compiling react-native Pods/React-RuntimeHermes » HermesInstance.cpp
› Compiling react-native Pods/React-RuntimeCore » ReactInstance.cpp
› Compiling react-native Pods/React-NativeModulesApple » RCTTurboModuleManager.mm
› Compiling react-native Pods/React-NativeModulesApple » RCTTurboModule.mm
› Compiling react-native Pods/React-ImageManager » RCTSyncImageManager.mm
› Compiling react-native Pods/React-ImageManager » RCTImageManager.mm
› Compiling react-native Pods/React-ImageManager » ImageManager.mm
› Compiling react-native Pods/React-FabricImage » ImageState.cpp
› Compiling react-native Pods/React-FabricImage » ImageShadowNode.cpp
› Compiling react-native Pods/React-FabricImage » ImageProps.cpp
› Compiling react-native Pods/React-FabricImage » ImageEventEmitter.cpp
› Compiling react-native Pods/React-FabricImage » ImageComponentDescriptor.cpp
› Compiling react-native Pods/React-Fabric » utils.cpp
› Compiling react-native Pods/React-Fabric » updateMountedFlag.cpp
› Compiling react-native Pods/React-Fabric » stubs.cpp
› Compiling react-native Pods/React-Fabric » sliceChildShadowNodeViewPairs.cpp
› Compiling react-native Pods/React-Fabric » YogaStylableProps.cpp
› Compiling react-native Pods/React-Fabric » YogaLayoutableShadowNode.cpp
› Compiling react-native Pods/React-Fabric » WeakFamilyRegistry.cpp
› Compiling react-native Pods/React-Fabric » ViewShadowNode.cpp
› Compiling react-native Pods/React-Fabric » UnstableLegacyViewManagerAutomaticComponentDescriptor.cpp
› Compiling react-native Pods/React-Fabric » UIManagerUpdateShadowTree.cpp
› Compiling react-native Pods/React-Fabric » UIManagerBinding.cpp
› Compiling react-native Pods/React-Fabric » UIManager.cpp
› Compiling react-native Pods/React-Fabric » TouchEventEmitter.cpp
› Compiling react-native Pods/React-Fabric » TextAttributes.cpp
› Compiling react-native Pods/React-Fabric » TelemetryController.cpp
› Compiling react-native Pods/React-Fabric » SurfaceManager.cpp
› Compiling react-native Pods/React-Fabric » SurfaceHandler.cpp
› Compiling react-native Pods/React-Fabric » StubViewTree.cpp
› Compiling react-native Pods/React-Fabric » StubView.cpp
› Compiling react-native Pods/React-Fabric » State.cpp
› Compiling react-native Pods/React-Fabric » ShadowViewMutation.cpp
› Compiling react-native Pods/React-Fabric » ShadowView.cpp
› Compiling react-native Pods/React-Fabric » ShadowTreeRevision.cpp
› Compiling react-native Pods/React-Fabric » ShadowTreeRegistry.cpp
› Compiling react-native Pods/React-Fabric » ShadowTree.cpp
› Compiling react-native Pods/React-Fabric » ShadowNodeFragment.cpp
› Compiling react-native Pods/React-Fabric » ShadowNodeFamily.cpp
› Compiling react-native Pods/React-Fabric » ShadowNode.cpp
› Compiling react-native Pods/React-Fabric » ScrollViewShadowNode.cpp
› Compiling react-native Pods/React-Fabric » ScrollViewEventEmitter.cpp
› Compiling react-native Pods/React-Fabric » ScrollEvent.cpp
› Compiling react-native Pods/React-Fabric » Scheduler.cpp
› Compiling react-native Pods/React-Fabric » RootShadowNode.cpp
› Compiling react-native Pods/React-Fabric » RootProps.cpp
› Compiling react-native Pods/React-Fabric » RawValue.cpp
› Compiling react-native Pods/React-Fabric » RawPropsParser.cpp
› Compiling react-native Pods/React-Fabric » RawProps.cpp
› Compiling react-native Pods/React-Fabric » RCTLegacyViewManagerInteropCoordinator.mm
› Compiling react-native Pods/React-Fabric » Props.cpp
› Compiling react-native Pods/React-Fabric » PointerHoverTracker.cpp
› Compiling react-native Pods/React-Fabric » PointerEventsProcessor.cpp
› Compiling react-native Pods/React-Fabric » ParagraphAttributes.cpp
› Compiling react-native Pods/React-Fabric » NativeComponentRegistryBinding.cpp
› Compiling react-native Pods/React-Fabric » MountingTransaction.cpp
› Compiling react-native Pods/React-Fabric » MountingCoordinator.cpp
› Compiling react-native Pods/React-Fabric » LegacyViewManagerInteropViewProps.cpp
› Compiling react-native Pods/React-Fabric » LegacyViewManagerInteropComponentDescriptor.mm
› Compiling react-native Pods/React-Fabric » LeakChecker.cpp
› Compiling react-native Pods/React-Fabric » LazyShadowTreeRevisionConsistencyManager.cpp
› Compiling react-native Pods/React-Fabric » LayoutableShadowNode.cpp
› Compiling react-native Pods/React-Fabric » LayoutAnimationKeyFrameManager.cpp
› Compiling react-native Pods/React-Fabric » LayoutAnimationDriver.cpp
› Compiling react-native Pods/React-Fabric » ImageRequest.cpp
› Compiling react-native Pods/React-Fabric » EventQueueProcessor.cpp
› Compiling react-native Pods/React-Fabric » EventQueue.cpp
› Compiling react-native Pods/React-Fabric » EventPerformanceLogger.cpp
› Compiling react-native Pods/React-Fabric » EventEmitter.cpp
› Compiling react-native Pods/React-Fabric » EventDispatcher.cpp
› Compiling react-native Pods/React-Fabric » DynamicPropsUtilities.cpp
› Compiling react-native Pods/React-Fabric » DynamicEventPayload.cpp
› Compiling react-native Pods/React-Fabric » Differentiator.cpp
› Compiling react-native Pods/React-Fabric » DOM.cpp
› Compiling react-native Pods/React-Fabric » CullingContext.cpp
› Compiling react-native Pods/React-Fabric » ComponentDescriptorRegistry.cpp
› Compiling react-native Pods/React-Fabric » ComponentDescriptorProviderRegistry.cpp
› Compiling react-native Pods/React-Fabric » ComponentDescriptor.cpp
› Compiling react-native Pods/React-Fabric » BaseViewProps.cpp
› Compiling react-native Pods/React-Fabric » BaseViewEventEmitter.cpp
› Compiling react-native Pods/React-Fabric » BaseScrollViewProps.cpp
› Compiling react-native Pods/React-Fabric » AttributedStringBox.cpp
› Compiling react-native Pods/React-Fabric » AttributedString.cpp
› Compiling react-native Pods/React-Fabric » AppRegistryBinding.cpp
› Compiling react-native Pods/React-Fabric » AccessibilityProps.cpp
› Compiling react-native Pods/React-Core » RCTUtils.mm
› Compiling react-native Pods/React-Core » RCTUIManagerObserverCoordinator.mm
› Compiling react-native Pods/React-Core » RCTUIManager.mm
› Compiling react-native Pods/React-Core » RCTSurfaceView.mm
› Compiling react-native Pods/React-Core » RCTSurfaceSizeMeasureMode.mm
› Compiling react-native Pods/React-Core » RCTSurfaceRootView.mm
› Compiling react-native Pods/React-Core » RCTSurfaceHostingView.mm
› Compiling react-native Pods/React-Core » RCTSurfaceHostingProxyRootView.mm
› Compiling react-native Pods/React-Core » RCTSurface.mm
› Compiling react-native Pods/React-Core » RCTPerformanceLogger.mm
› Compiling react-native Pods/React-Core » RCTPausedInDebuggerOverlayController.mm
› Compiling react-native Pods/React-Core » RCTPackagerConnection.mm
› Compiling react-native Pods/React-Core » RCTObjcExecutor.mm
› Compiling react-native Pods/React-Core » RCTNativeModule.mm
› Compiling react-native Pods/React-Core » RCTModuleMethod.mm
› Compiling react-native Pods/React-Core » RCTModuleData.mm
› Compiling react-native Pods/React-Core » RCTMessageThread.mm
› Compiling react-native Pods/React-Core » RCTManagedPointer.mm
› Compiling react-native Pods/React-Core » RCTLog.mm
› Compiling react-native Pods/React-Core » RCTLocalizedString.mm
› Compiling react-native Pods/React-Core » RCTJavaScriptLoader.mm
› Compiling react-native Pods/React-Core » RCTJSIExecutorRuntimeInstaller.mm
› Compiling react-native Pods/React-Core » RCTInspectorUtils.mm
› Compiling react-native Pods/React-Core » RCTInspectorNetworkHelper.mm
› Compiling react-native Pods/React-Core » RCTInspectorDevServerHelper.mm
› Compiling react-native Pods/React-Core » RCTInspector.mm
› Compiling react-native Pods/React-Core » RCTFont.mm
› Compiling react-native Pods/React-Core » RCTDefaultCxxLogFunction.mm
› Compiling react-native Pods/React-Core » RCTCxxUtils.mm
› Compiling react-native Pods/React-Core » RCTCxxModule.mm
› Compiling react-native Pods/React-Core » RCTCxxMethod.mm
› Compiling react-native Pods/React-Core » RCTCxxInspectorWebSocketAdapter.mm
› Compiling react-native Pods/React-Core » RCTCxxInspectorPackagerConnectionDelegate.mm
› Compiling react-native Pods/React-Core » RCTCxxInspectorPackagerConnection.mm
› Compiling react-native Pods/React-Core » RCTCxxBridge.mm
› Compiling react-native Pods/React-Core » RCTConvert.mm
› Compiling react-native Pods/React-Core » RCTComponentData.mm
› Compiling react-native Pods/React-Core » RCTCallInvoker.mm
› Compiling react-native Pods/React-Core » RCTBundleURLProvider.mm
› Compiling react-native Pods/React-Core » RCTBridgeProxy.mm
› Compiling react-native Pods/React-Core » RCTBridge.mm
› Compiling react-native Pods/React-Core » NSDataBigString.mm
› Compiling react-native Pods/RCT-Folly » json_pointer.cpp
› Compiling react-native Pods/RCT-Folly » json.cpp
› Compiling react-native Pods/RCT-Folly » dynamic.cpp
› Compiling react-native Pods/RCT-Folly » UniqueInstance.cpp
› Compiling react-native Pods/RCT-Folly » Unicode.cpp
› Compiling react-native Pods/RCT-Folly » ThreadId.cpp
› Compiling react-native Pods/RCT-Folly » SysUio.cpp
› Compiling react-native Pods/RCT-Folly » String.cpp
› Compiling react-native Pods/RCT-Folly » SplitStringSimd.cpp
› Compiling react-native Pods/RCT-Folly » SharedMutex.cpp
› Compiling react-native Pods/RCT-Folly » ScopeGuard.cpp
› Compiling react-native Pods/RCT-Folly » NetOps.cpp
› Compiling react-native Pods/RCT-Folly » Futex.cpp
› Compiling react-native Pods/RCT-Folly » Format.cpp
› Compiling react-native Pods/RCT-Folly » FileUtil.cpp
› Compiling react-native Pods/RCT-Folly » F14Table.cpp
› Compiling react-native Pods/RCT-Folly » Exception.cpp
› Compiling react-native Pods/RCT-Folly » Demangle.cpp
› Compiling react-native Pods/RCT-Folly » Conv.cpp
› Compiling react-native Pods/RCT-Folly » CacheLocality.cpp
› Compiling react-native Pods/RCT-Folly » AtFork.cpp
› Preparing Pods/expo-dev-launcher-EXDevLauncher » ResourceBundle-EXDevLauncher-expo-dev-launcher-Info.plist
› Compiling react-native Pods/React-Core » UIView+React.m
› Compiling react-native Pods/React-Core » React-Core-dummy.m
› Compiling react-native Pods/React-Core » RCTWrapperViewController.m
› Compiling react-native Pods/React-Core » RCTViewUtils.m
› Compiling react-native Pods/React-Core » RCTViewRegistry.m
› Compiling react-native Pods/React-Core » RCTViewManager.m
› Compiling react-native Pods/React-Core » RCTView.m
› Compiling react-native Pods/React-Core » RCTVersion.m
› Compiling react-native Pods/React-Core » RCTUtilsUIOverride.m
› Compiling react-native Pods/React-Core » RCTUIManagerUtils.m
› Compiling react-native Pods/React-Core » RCTTouchHandler.m
› Compiling react-native Pods/React-Core » RCTTouchEvent.m
› Compiling react-native Pods/React-Core » RCTSwitchManager.m
› Compiling react-native Pods/React-Core » RCTSwitch.m
› Compiling react-native Pods/React-Core » RCTSurfaceStage.m
› Compiling react-native Pods/React-Core » RCTSurfaceRootShadowView.m
› Compiling react-native Pods/React-Core » RCTSurfacePresenterStub.m
› Compiling react-native Pods/React-Core » RCTShadowView.m
› Compiling react-native Pods/React-Core » RCTShadowView+Layout.m
› Compiling react-native Pods/React-Core » RCTShadowView+Internal.m
› Compiling react-native Pods/React-Core » RCTScrollViewManager.m
› Compiling react-native Pods/React-Core » RCTScrollEvent.m
› Compiling react-native Pods/React-Core » RCTScrollContentViewManager.m
› Compiling react-native Pods/React-Core » RCTScrollView.m
› Compiling react-native Pods/React-Core » RCTScrollContentShadowView.m
› Compiling react-native Pods/React-Core » RCTScrollContentView.m
› Compiling react-native Pods/React-Core » RCTSafeAreaViewManager.m
› Compiling react-native Pods/React-Core » RCTSafeAreaViewLocalData.m
› Compiling react-native Pods/React-Core » RCTSafeAreaView.m
› Compiling react-native Pods/React-Core » RCTSafeAreaShadowView.m
› Compiling react-native Pods/React-Core » RCTRootView.m
› Compiling react-native Pods/React-Core » RCTRootShadowView.m
› Compiling react-native Pods/React-Core » RCTRootContentView.m
› Compiling react-native Pods/React-Core » RCTReloadCommand.m
› Compiling react-native Pods/React-Core » RCTRefreshControlManager.m
› Compiling react-native Pods/React-Core » RCTRefreshControl.m
› Compiling react-native Pods/React-Core » RCTRedBoxSetEnabled.m
› Compiling react-native Pods/React-Core » RCTRedBoxExtraDataViewController.m
› Compiling react-native Pods/React-Core » RCTReconnectingWebSocket.m
› Compiling react-native Pods/React-Core » RCTProfile.m
› Compiling react-native Pods/React-Core » RCTPerformanceLoggerLabels.m
› Compiling react-native Pods/React-Core » RCTParserUtils.m
› Compiling react-native Pods/React-Core » RCTPackagerClient.m
› Compiling react-native Pods/React-Core » RCTMultipartStreamReader.m
› Compiling react-native Pods/React-Core » RCTModuleRegistry.m
› Compiling react-native Pods/React-Core » RCTMultipartDataTask.m
› Compiling react-native Pods/React-Core » RCTModalManager.m
› Compiling react-native Pods/React-Core » RCTModalHostViewManager.m
› Compiling react-native Pods/React-Core » RCTModalHostView.m
› Compiling react-native Pods/React-Core » RCTModalHostViewController.m
› Compiling react-native Pods/React-Core » RCTLayoutAnimationGroup.m
› Compiling react-native Pods/React-Core » RCTKeyCommands.m
› Compiling react-native Pods/React-Core » RCTLayoutAnimation.m
› Compiling react-native Pods/React-Core » RCTLayout.m
› Compiling react-native Pods/React-Core » RCTJSThread.m
› Compiling react-native Pods/React-Core » RCTJSStackFrame.m
› Compiling react-native Pods/React-Core » RCTImageSource.m
› Compiling react-native Pods/React-Core » RCTI18nUtil.m
› Compiling react-native Pods/React-Core » RCTFrameUpdate.m
› Compiling react-native Pods/React-Core » RCTEventEmitter.m
› Compiling react-native Pods/React-Core » RCTEventDispatcher.m
› Compiling react-native Pods/React-Core » RCTErrorInfo.m
› Compiling react-native Pods/React-Core » RCTDevLoadingViewSetEnabled.m
› Compiling react-native Pods/React-Core » RCTDisplayLink.m
› Compiling react-native Pods/React-Core » RCTDebuggingOverlayManager.m
› Compiling react-native Pods/React-Core » RCTDebuggingOverlay.m
› Compiling react-native Pods/React-Core » RCTCxxConvert.m
› Compiling react-native Pods/React-Core » RCTConvert+Transform.m
› Compiling react-native Pods/React-Core » RCTConstants.m
› Compiling react-native Pods/React-Core » RCTComponentEvent.m
› Compiling react-native Pods/React-Core » RCTConvert+CoreLocation.m
› Compiling react-native Pods/React-Core » RCTBundleManager.m
› Compiling react-native Pods/React-Core » RCTBridgeModuleDecorator.m
› Compiling react-native Pods/React-Core » RCTBridgeConstants.m
› Compiling react-native Pods/React-Core » RCTCallableJSModules.m
› Compiling react-native Pods/React-Core » RCTBorderDrawing.m
› Compiling react-native Pods/React-Core » RCTAssert.m
› Compiling react-native Pods/React-Core » RCTActivityIndicatorView.m
› Packaging expo-dev-menu-interface Pods/expo-dev-menu-interface » libexpo-dev-menu-interface.a
› Packaging react-native-ble-plx Pods/MultiplatformBleAdapter » libMultiplatformBleAdapter.a
› Compiling react-native Pods/React-Core » RCTActivityIndicatorViewManager.m
› Packaging Pods/libavif » liblibavif.a
› Packaging expo-image Pods/SDWebImageWebPCoder » libSDWebImageWebPCoder.a
› Packaging expo-image Pods/SDWebImageSVGCoder » libSDWebImageSVGCoder.a
› Packaging react-native Pods/RCT-Folly » libRCT-Folly.a
› Executing expo-dev-menu-interface Pods/expo-dev-menu-interface » Copy generated compatibility header
› Packaging expo-image Pods/SDWebImageAVIFCoder » libSDWebImageAVIFCoder.a
› Packaging react-native Pods/React-perflogger » libReact-perflogger.a
› Packaging react-native Pods/React-rendererdebug » libReact-rendererdebug.a
› Packaging react-native Pods/React-logger » libReact-logger.a
› Packaging react-native Pods/React-jsinspectortracing » libReact-jsinspectortracing.a
› Packaging react-native Pods/React-jsinspectorcdp » libReact-jsinspectorcdp.a
› Packaging react-native Pods/React-jsi » libReact-jsi.a
› Packaging react-native Pods/React-featureflags » libReact-featureflags.a
› Packaging react-native Pods/React-Mapbuffer » libReact-Mapbuffer.a
› Packaging react-native Pods/React-utils » libReact-utils.a
› Packaging react-native Pods/React-performancetimeline » libReact-performancetimeline.a
› Packaging react-native Pods/React-runtimeexecutor » libReact-runtimeexecutor.a
› Packaging react-native Pods/React-renderercss » libReact-renderercss.a
› Packaging react-native Pods/React-jsinspectornetwork » libReact-jsinspectornetwork.a
› Packaging react-native Pods/React-jsinspector » libReact-jsinspector.a
› Executing react-native-ble-plx Pods/MultiplatformBleAdapter » Copy generated compatibility header
› Packaging react-native Pods/React-cxxreact » libReact-cxxreact.a
› Packaging react-native Pods/React-jsitooling » libReact-jsitooling.a
› Packaging react-native Pods/React-runtimescheduler » libReact-runtimescheduler.a
› Packaging react-native Pods/React-jsiexecutor » libReact-jsiexecutor.a
› Packaging react-native Pods/ReactCommon » libReactCommon.a
› Packaging react-native Pods/React-hermes » libReact-hermes.a
› Packaging react-native Pods/React-graphics » libReact-graphics.a
› Packaging react-native Pods/React-jserrorhandler » libReact-jserrorhandler.a
› Packaging react-native Pods/React-Core » libReact-Core.a
› Packaging @react-native-community/netinfo Pods/react-native-netinfo » libreact-native-netinfo.a
› Packaging react-native-safe-area-context Pods/react-native-safe-area-context » libreact-native-safe-area-context.a
› Packaging react-native-maps Pods/react-native-maps » libreact-native-maps.a
› Packaging react-native-svg Pods/RNSVG » libRNSVG.a
› Packaging react-native Pods/React-NativeModulesApple » libReact-NativeModulesApple.a
› Packaging react-native Pods/React-RCTText » libReact-RCTText.a
› Packaging react-native Pods/RCTTypeSafety » libRCTTypeSafety.a
› Packaging @react-native-async-storage/async-storage Pods/RNCAsyncStorage » libRNCAsyncStorage.a
› Packaging react-native Pods/React-Fabric » libReact-Fabric.a
› Executing react-native Pods/React-RCTFBReactNativeSpec » [CP-User] [RN]Check FBReactNativeSpec
› Packaging react-native Pods/React-RuntimeCore » libReact-RuntimeCore.a
› Packaging react-native Pods/React-ImageManager » libReact-ImageManager.a
› Compiling react-native Pods/React-RCTFBReactNativeSpec » ComponentDescriptors.cpp
› Compiling react-native Pods/React-RCTFBReactNativeSpec » ShadowNodes.cpp
› Compiling react-native Pods/React-RCTFBReactNativeSpec » FBReactNativeSpecJSI-generated.cpp
› Compiling react-native Pods/React-RCTFBReactNativeSpec » Props.cpp
› Compiling react-native Pods/React-RCTFBReactNativeSpec » EventEmitters.cpp
› Compiling react-native Pods/React-FabricComponents » RCTTextLayoutManager.mm
› Compiling react-native Pods/React-FabricComponents » TextLayoutManager.mm
› Compiling react-native Pods/React-microtasksnativemodule » NativeMicrotasks.cpp
› Compiling react-native Pods/React-idlecallbacksnativemodule » NativeIdleCallbacks.cpp
› Compiling react-native Pods/React-featureflagsnativemodule » NativeReactNativeFeatureFlags.cpp
› Compiling react-native Pods/React-RCTNetwork » RCTInspectorNetworkReporter.mm
› Compiling react-native Pods/React-FabricComponents » UnimplementedViewShadowNode.cpp
› Compiling react-native Pods/React-FabricComponents » UnimplementedViewProps.cpp
› Compiling react-native Pods/React-FabricComponents » UnimplementedViewComponentDescriptor.cpp
› Compiling react-native Pods/React-FabricComponents » TextShadowNode.cpp
› Compiling react-native Pods/React-FabricComponents » TextProps.cpp
› Compiling react-native Pods/React-FabricComponents » TextMeasureCache.cpp
› Compiling react-native Pods/React-FabricComponents » TextInputShadowNode.cpp
› Compiling react-native Pods/React-FabricComponents » TextInputProps.cpp
› Packaging react-native Pods/React-RCTFBReactNativeSpec » libReact-RCTFBReactNativeSpec.a
› Compiling react-native Pods/React-FabricComponents » TextInputEventEmitter.cpp
› Compiling react-native Pods/React-FabricComponents » ScrollViewShadowNode.cpp
› Compiling react-native Pods/React-FabricComponents » ScrollViewEventEmitter.cpp
› Compiling react-native Pods/React-FabricComponents » ScrollEvent.cpp
› Compiling react-native Pods/React-FabricComponents » SafeAreaViewShadowNode.cpp
› Compiling react-native Pods/React-FabricComponents » RawTextShadowNode.cpp
› Compiling react-native Pods/React-FabricComponents » RawTextProps.cpp
› Compiling react-native Pods/React-FabricComponents » RCTAttributedTextUtils.mm
› Compiling react-native Pods/React-FabricComponents » ParagraphShadowNode.cpp
› Compiling react-native Pods/React-FabricComponents » ParagraphProps.cpp
› Compiling react-native Pods/React-FabricComponents » ParagraphEventEmitter.cpp
› Compiling react-native Pods/React-FabricComponents » ParagraphComponentDescriptor.cpp
› Compiling react-native Pods/React-FabricComponents » ModalHostViewState.cpp
› Compiling react-native Pods/React-FabricComponents » ModalHostViewShadowNode.cpp
› Compiling react-native Pods/React-FabricComponents » InputAccessoryShadowNode.cpp
› Compiling react-native Pods/React-FabricComponents » IOSSwitchShadowNode.mm
› Compiling react-native Pods/React-FabricComponents » BaseTextShadowNode.cpp
› Compiling react-native Pods/React-FabricComponents » BaseTextProps.cpp
› Compiling react-native Pods/React-FabricComponents » BaseTextInputProps.cpp
› Compiling react-native Pods/React-FabricComponents » BaseScrollViewProps.cpp
› Compiling react-native Pods/React-domnativemodule » NativeDOM.cpp
› Compiling react-native Pods/React-defaultsnativemodule » DefaultTurboModules.cpp
› Compiling react-native Pods/React-RCTFabric » RCTLinearGradient.mm
› Compiling react-native Pods/React-RCTFabric » UIView+ComponentViewProtocol.mm
› Compiling react-native Pods/React-RCTFabric » RCTVirtualViewComponentView.mm
› Compiling react-native Pods/React-RCTFabric » RCTViewComponentView.mm
› Compiling react-native Pods/React-RCTFabric » RCTViewAccessibilityElement.mm
› Compiling react-native Pods/React-RCTFabric » RCTUnimplementedViewComponentView.mm
› Compiling react-native Pods/React-RCTFabric » RCTUnimplementedNativeComponentView.mm
› Compiling react-native Pods/React-RCTFabric » RCTTextInputComponentView.mm
› Compiling react-native Pods/React-RCTFabric » RCTSwitchComponentView.mm
› Compiling react-native Pods/React-RCTFabric » RCTSurfaceTouchHandler.mm
› Compiling react-native Pods/React-RCTFabric » RCTSurfaceRegistry.mm
› Compiling react-native Pods/React-RCTFabric » RCTSurfacePresenterBridgeAdapter.mm
› Compiling react-native Pods/React-RCTFabric » RCTSurfacePresenter.mm
› Compiling react-native Pods/React-RCTFabric » RCTSurfacePointerHandler.mm
› Compiling react-native Pods/React-RCTFabric » RCTScrollViewComponentView.mm
› Compiling react-native Pods/React-RCTFabric » RCTScheduler.mm
› Compiling react-native Pods/React-RCTFabric » RCTSafeAreaViewComponentView.mm
› Compiling react-native Pods/React-RCTFabric » RCTRootComponentView.mm
› Compiling react-native Pods/React-RCTFabric » RCTRadialGradient.mm
› Compiling react-native Pods/React-RCTFabric » RCTPullToRefreshViewComponentView.mm
› Compiling react-native Pods/React-RCTFabric » RCTParagraphComponentView.mm
› Compiling react-native Pods/React-RCTFabric » RCTParagraphComponentAccessibilityProvider.mm
› Compiling react-native Pods/React-RCTFabric » RCTMountingTransactionObserverCoordinator.mm
› Compiling react-native Pods/React-RCTFabric » RCTMountingManager.mm
› Compiling react-native Pods/React-RCTFabric » RCTModalHostViewComponentView.mm
› Compiling react-native Pods/React-RCTFabric » RCTLegacyViewManagerInteropCoordinatorAdapter.mm
› Compiling react-native Pods/React-RCTFabric » RCTLegacyViewManagerInteropComponentView.mm
› Compiling react-native Pods/React-RCTFabric » RCTInputAccessoryComponentView.mm
› Compiling react-native Pods/React-RCTFabric » RCTImageComponentView.mm
› Compiling react-native Pods/React-RCTFabric » RCTFabricSurface.mm
› Compiling react-native Pods/React-RCTFabric » RCTFabricComponentsPlugins.mm
› Compiling react-native Pods/React-RCTFabric » RCTEnhancedScrollView.mm
› Compiling react-native Pods/React-RCTFabric » RCTDebuggingOverlayComponentView.mm
› Compiling react-native Pods/React-RCTFabric » RCTComponentViewRegistry.mm
› Compiling react-native Pods/React-RCTFabric » RCTComponentViewFactory.mm
› Compiling react-native Pods/React-RCTFabric » RCTActivityIndicatorViewComponentView.mm
› Packaging react-native Pods/React-microtasksnativemodule » libReact-microtasksnativemodule.a
› Packaging react-native Pods/React-idlecallbacksnativemodule » libReact-idlecallbacksnativemodule.a
› Packaging react-native Pods/React-featureflagsnativemodule » libReact-featureflagsnativemodule.a
› Packaging react-native Pods/React-RuntimeHermes » libReact-RuntimeHermes.a
› Packaging react-native Pods/React-RCTVibration » libReact-RCTVibration.a
› Packaging react-native Pods/React-RCTSettings » libReact-RCTSettings.a
› Packaging react-native Pods/React-RCTNetwork » libReact-RCTNetwork.a
› Packaging react-native Pods/React-RCTLinking » libReact-RCTLinking.a
› Packaging react-native Pods/React-RCTAnimation » libReact-RCTAnimation.a
› Packaging react-native Pods/React-FabricComponents » libReact-FabricComponents.a
› Packaging react-native Pods/React-FabricImage » libReact-FabricImage.a
› Compiling react-native Pods/React-CoreModules » RCTDevSettings.mm
› Compiling react-native Pods/React-RuntimeApple » RCTInstance.mm
› Compiling react-native Pods/React-RuntimeApple » RCTHost.mm
› Compiling react-native Pods/React-RuntimeApple » RCTHermesInstance.mm
› Compiling react-native Pods/React-RCTRuntime » RCTHermesInstanceFactory.mm
› Packaging react-native Pods/React-RCTImage » libReact-RCTImage.a
› Packaging react-native Pods/React-RCTBlob » libReact-RCTBlob.a
› Compiling react-native Pods/React-RCTAppDelegate » RCTRootViewFactory.mm
› Compiling react-native Pods/React-RCTAppDelegate » RCTReactNativeFactory.mm
› Compiling react-native Pods/React-RCTAppDelegate » RCTDefaultReactNativeFactoryDelegate.mm
› Compiling react-native Pods/React-RCTAppDelegate » RCTAppSetupUtils.mm
› Compiling react-native Pods/React-RCTAppDelegate » RCTAppDelegate.mm
› Packaging react-native Pods/React-domnativemodule » libReact-domnativemodule.a
› Packaging react-native Pods/React-defaultsnativemodule » libReact-defaultsnativemodule.a
› Packaging react-native Pods/React-CoreModules » libReact-CoreModules.a
› Packaging react-native Pods/React-RCTFabric » libReact-RCTFabric.a
› Packaging react-native Pods/React-RuntimeApple » libReact-RuntimeApple.a
› Packaging react-native Pods/React-RCTRuntime » libReact-RCTRuntime.a
› Packaging react-native Pods/React-RCTAppDelegate » libReact-RCTAppDelegate.a
› Executing resqnet Pods/ReactCodegen » [CP-User] Generate Specs
› Compiling resqnet Pods/ReactCodegen » ComponentDescriptors.cpp
› Compiling resqnet Pods/ReactCodegen » ComponentDescriptors.cpp
› Compiling resqnet Pods/ReactCodegen » ComponentDescriptors.cpp
› Compiling resqnet Pods/ReactCodegen » EventEmitters.cpp
› Compiling resqnet Pods/ReactCodegen » RNCNetInfoSpec-generated.mm
› Compiling resqnet Pods/ReactCodegen » RNCNetInfoSpecJSI-generated.cpp
› Compiling resqnet Pods/ReactCodegen » safeareacontextJSI-generated.cpp
› Compiling resqnet Pods/ReactCodegen » safeareacontext-generated.mm
› Compiling resqnet Pods/ReactCodegen » rnsvg-generated.mm
› Compiling resqnet Pods/ReactCodegen » rnsvgJSI-generated.cpp
› Compiling react-native-ble-plx Pods/react-native-ble-plx » react-native-ble-plx-dummy.m
› Compiling resqnet Pods/ReactCodegen » rnscreensJSI-generated.cpp
› Compiling resqnet Pods/ReactCodegen » rnscreens-generated.mm
› Compiling resqnet Pods/ReactCodegen » rnreanimatedJSI-generated.cpp
› Compiling resqnet Pods/ReactCodegen » rnreanimated-generated.mm
› Compiling resqnet Pods/ReactCodegen » rngesturehandler_codegenJSI-generated.cpp
› Compiling resqnet Pods/ReactCodegen » rngesturehandler_codegen-generated.mm
› Compiling resqnet Pods/ReactCodegen » rnasyncstorageJSI-generated.cpp
› Compiling resqnet Pods/ReactCodegen » rnasyncstorage-generated.mm
› Compiling resqnet Pods/ReactCodegen » States.cpp
› Compiling resqnet Pods/ReactCodegen » States.cpp
› Compiling resqnet Pods/ReactCodegen » States.cpp
› Compiling resqnet Pods/ReactCodegen » States.cpp
› Compiling resqnet Pods/ReactCodegen » ShadowNodes.cpp
› Compiling resqnet Pods/ReactCodegen » ShadowNodes.cpp
› Compiling resqnet Pods/ReactCodegen » ShadowNodes.cpp
› Compiling resqnet Pods/ReactCodegen » ShadowNodes.cpp
› Compiling resqnet Pods/ReactCodegen » RCTUnstableModulesRequiringMainQueueSetupProvider.mm
› Compiling resqnet Pods/ReactCodegen » RCTThirdPartyComponentsProvider.mm
› Compiling resqnet Pods/ReactCodegen » RCTModulesConformingToProtocolsProvider.mm
› Compiling resqnet Pods/ReactCodegen » RCTModuleProviders.mm
› Compiling resqnet Pods/ReactCodegen » Props.cpp
› Compiling resqnet Pods/ReactCodegen » Props.cpp
› Compiling resqnet Pods/ReactCodegen » Props.cpp
› Compiling resqnet Pods/ReactCodegen » Props.cpp
› Compiling resqnet Pods/ReactCodegen » EventEmitters.cpp
› Compiling resqnet Pods/ReactCodegen » EventEmitters.cpp
› Compiling resqnet Pods/ReactCodegen » EventEmitters.cpp
› Compiling resqnet Pods/ReactCodegen » ComponentDescriptors.cpp
› Compiling resqnet Pods/ReactAppDependencyProvider » RCTAppDependencyProvider.mm
› Compiling react-native-screens Pods/RNScreens » UIViewController+RNScreens.mm
› Compiling react-native-screens Pods/RNScreens » RNSTabBarAppearanceCoordinator.mm
› Compiling react-native-screens Pods/RNScreens » RNSScreen.mm
› Compiling react-native-screens Pods/RNScreens » RNSConversions.mm
› Compiling react-native-screens Pods/RNScreens » RNSConversions-SplitView.mm
› Compiling react-native-screens Pods/RNScreens » RNSConversions-Fabric.mm
› Compiling react-native-screens Pods/RNScreens » RNSConversions-BottomTabs.mm
› Compiling react-native-screens Pods/RNScreens » RNSBottomTabsScreenComponentView.mm
› Compiling react-native-screens Pods/RNScreens » RNSBottomTabsHostComponentView.mm
› Compiling react-native-reanimated Pods/RNReanimated » ReanimatedRuntime.cpp

❌  (ios/Pods/Headers/Public/RCT-Folly/folly/Expected.h:1587:10)

  1585 | // Inspired by https://github.com/toby-allsopp/coroutine_monad
  1586 | #if FOLLY_HAS_COROUTINES
> 1587 | #include <folly/coro/Coroutine.h>
       |          ^ 'folly/coro/Coroutine.h' file not found
  1588 |
  1589 | namespace folly {
  1590 | namespace expected_detail {

› Packaging resqnet Pods/ReactCodegen » libReactCodegen.a
› Compiling react-native-reanimated Pods/RNReanimated » ReanimatedHermesRuntime.cpp
› Compiling react-native-reanimated Pods/RNReanimated » RNRuntimeDecorator.cpp
› Compiling react-native-reanimated Pods/RNReanimated » REASwizzledUIManager.mm
› Compiling react-native-reanimated Pods/RNReanimated » REASlowAnimations.mm
› Compiling react-native-reanimated Pods/RNReanimated » REANodesManager.mm
› Compiling react-native-reanimated Pods/RNReanimated » REAModule.mm
› Compiling react-native-reanimated Pods/RNReanimated » REAMessageThread.mm
    Run script build phase '[CP-User] [Hermes] Replace Hermes for the right configuration, if needed' will be run during every build because it does not specify any outputs. To address this issue, either add output dependencies to the script phase, or configure it to run in every build by unchecking "Based on dependency analysis" in the script phase. (in target 'hermes-engine' from project 'Pods')

› 1 error(s), and 1 warning(s)

CommandError: Failed to build iOS project. "xcodebuild" exited with error code 65.
