› Planning build
› Executing react-native Pods/hermes-engine » [CP-User] [Hermes] Replace Hermes for the right configuration, if needed
› Preparing Pods/glog-glog_privacy » ResourceBundle-glog_privacy-glog-Info.plist
› Copying   ../Library/Developer/Xcode/DerivedData/ResQNet-dhqbaxuocjlvfpbpdskktulkxltx/Build/Products/Debug-iphonesimulator/react-native-maps/ReactNativeMapsPrivacy.bundle/PrivacyInfo.xcprivacy ➜ node_modules/react-native-maps/ios/PrivacyInfo.xcprivacy
› Preparing Pods/boost-boost_privacy » ResourceBundle-boost_privacy-boost-Info.plist
› Copying   expo-image ../Library/Developer/Xcode/DerivedData/ResQNet-dhqbaxuocjlvfpbpdskktulkxltx/Build/Products/Debug-iphonesimulator/SDWebImage/SDWebImage.bundle/PrivacyInfo.xcprivacy ➜ ios/Pods/SDWebImage/WebImage/PrivacyInfo.xcprivacy
› Copying   ../Library/Developer/Xcode/DerivedData/ResQNet-dhqbaxuocjlvfpbpdskktulkxltx/Build/Products/Debug-iphonesimulator/React-cxxreact/React-cxxreact_privacy.bundle/PrivacyInfo.xcprivacy ➜ node_modules/react-native/ReactCommon/cxxreact/PrivacyInfo.xcprivacy
› Copying   ../Library/Developer/Xcode/DerivedData/ResQNet-dhqbaxuocjlvfpbpdskktulkxltx/Build/Products/Debug-iphonesimulator/React-Core/React-Core_privacy.bundle/PrivacyInfo.xcprivacy ➜ node_modules/react-native/React/Resources/PrivacyInfo.xcprivacy
› Copying   ../Library/Developer/Xcode/DerivedData/ResQNet-dhqbaxuocjlvfpbpdskktulkxltx/Build/Products/Debug-iphonesimulator/RNSVG/RNSVGFilters.bundle/RNSVGArithmeticFilter.iphoneos.metallib ➜ node_modules/react-native-svg/apple/Filters/MetalCI/RNSVGArithmeticFilter.iphoneos.metallib
› Copying   ../Library/Developer/Xcode/DerivedData/ResQNet-dhqbaxuocjlvfpbpdskktulkxltx/Build/Products/Debug-iphonesimulator/RNCAsyncStorage/RNCAsyncStorage_resources.bundle/PrivacyInfo.xcprivacy ➜ node_modules/@react-native-async-storage/async-storage/ios/PrivacyInfo.xcprivacy
› Preparing Pods/RCT-Folly-RCT-Folly_privacy » ResourceBundle-RCT-Folly_privacy-RCT-Folly-Info.plist
› Copying   ../Library/Developer/Xcode/DerivedData/ResQNet-dhqbaxuocjlvfpbpdskktulkxltx/Build/Products/Debug-iphonesimulator/ExpoSystemUI/ExpoSystemUI_privacy.bundle/PrivacyInfo.xcprivacy ➜ node_modules/expo-system-ui/ios/PrivacyInfo.xcprivacy
› Copying   ../Library/Developer/Xcode/DerivedData/ResQNet-dhqbaxuocjlvfpbpdskktulkxltx/Build/Products/Debug-iphonesimulator/EXConstants/ExpoConstants_privacy.bundle/PrivacyInfo.xcprivacy ➜ node_modules/expo-constants/ios/PrivacyInfo.xcprivacy
› Copying   ../Library/Developer/Xcode/DerivedData/ResQNet-dhqbaxuocjlvfpbpdskktulkxltx/Build/Products/Debug-iphonesimulator/ExpoFileSystem/ExpoFileSystem_privacy.bundle/PrivacyInfo.xcprivacy ➜ node_modules/expo-file-system/ios/PrivacyInfo.xcprivacy
› Preparing expo-constants Pods/EXConstants-EXConstants » ResourceBundle-EXConstants-EXConstants-Info.plist
› Preparing expo-image Pods/SDWebImage-SDWebImage » ResourceBundle-SDWebImage-SDWebImage-Info.plist
› Preparing Pods/react-native-maps-ReactNativeMapsPrivacy » ResourceBundle-ReactNativeMapsPrivacy-react-native-maps-Info.plist
› Preparing Pods/React-cxxreact-React-cxxreact_privacy » ResourceBundle-React-cxxreact_privacy-React-cxxreact-Info.plist
› Preparing Pods/React-Core-React-Core_privacy » ResourceBundle-React-Core_privacy-React-Core-Info.plist
› Preparing Pods/RNSVG-RNSVGFilters » ResourceBundle-RNSVGFilters-RNSVG-Info.plist
› Copying   ../Library/Developer/Xcode/DerivedData/ResQNet-dhqbaxuocjlvfpbpdskktulkxltx/Build/Products/Debug-iphonesimulator/RNSVG/RNSVGFilters.bundle/RNSVGCompositeXor.iphoneos.metallib ➜ node_modules/react-native-svg/apple/Filters/MetalCI/RNSVGCompositeXor.iphoneos.metallib
› Preparing Pods/RNCAsyncStorage-RNCAsyncStorage_resources » ResourceBundle-RNCAsyncStorage_resources-RNCAsyncStorage-Info.plist
› Preparing Pods/ExpoSystemUI-ExpoSystemUI_privacy » ResourceBundle-ExpoSystemUI_privacy-ExpoSystemUI-Info.plist
› Preparing Pods/ExpoFileSystem-ExpoFileSystem_privacy » ResourceBundle-ExpoFileSystem_privacy-ExpoFileSystem-Info.plist
› Preparing Pods/EXConstants-ExpoConstants_privacy » ResourceBundle-ExpoConstants_privacy-EXConstants-Info.plist
› Executing react-native Pods/hermes-engine » [CP] Copy XCFrameworks
› Preparing Pods/expo-dev-menu-EXDevMenu » ResourceBundle-EXDevMenu-expo-dev-menu-Info.plist
› Compiling react-native-safe-area-context Pods/react-native-safe-area-context » RNCSafeAreaContext.mm
› Compiling @react-native-community/netinfo Pods/react-native-netinfo » RNCNetInfo.mm
› Compiling react-native Pods/glog » logging.cc
› Compiling react-native Pods/fmt » format.cc

❌  (ios/Pods/fmt/include/fmt/format-inl.h:59:24)

  57 |   auto it = appender(out);
  58 |   if (message.size() <= inline_buffer_size - error_code_size)
> 59 |     fmt::format_to(it, FMT_STRING("{}{}"), message, SEP);
     |                        ^ call to consteval function 'fmt::basic_format_string<char, fmt::basic_string_view<char> &, const char [3]>::basic_format_string<FMT_COMPILE_STRING, 0>' is not a constant expression
  60 |   fmt::format_to(it, FMT_STRING("{}{}"), ERROR_STR, error_code);
  61 |   FMT_ASSERT(out.size() <= inline_buffer_size, "");
  62 | }


❌  (ios/Pods/fmt/include/fmt/format-inl.h:60:22)

  58 |   if (message.size() <= inline_buffer_size - error_code_size)
  59 |     fmt::format_to(it, FMT_STRING("{}{}"), message, SEP);
> 60 |   fmt::format_to(it, FMT_STRING("{}{}"), ERROR_STR, error_code);
     |                      ^ call to consteval function 'fmt::basic_format_string<char, const char [7], int &>::basic_format_string<FMT_COMPILE_STRING, 0>' is not a constant expression
  61 |   FMT_ASSERT(out.size() <= inline_buffer_size, "");
  62 | }
  63 |


❌  (ios/Pods/fmt/include/fmt/format-inl.h:1387:35)

  1385 |       auto value = n.bigits_[i - 1u];
  1386 |       if (first) {
> 1387 |         out = fmt::format_to(out, FMT_STRING("{:x}"), value);
       |                                   ^ call to consteval function 'fmt::basic_format_string<char, unsigned int &>::basic_format_string<FMT_COMPILE_STRING, 0>' is not a constant expression
  1388 |         first = false;
  1389 |         continue;
  1390 |       }


❌  (ios/Pods/fmt/include/fmt/format-inl.h:1391:33)

  1389 |         continue;
  1390 |       }
> 1391 |       out = fmt::format_to(out, FMT_STRING("{:08x}"), value);
       |                                 ^ call to consteval function 'fmt::basic_format_string<char, unsigned int &>::basic_format_string<FMT_COMPILE_STRING, 0>' is not a constant expression
  1392 |     }
  1393 |     if (n.exp_ > 0)
  1394 |       out = fmt::format_to(out, FMT_STRING("p{}"),


❌  (ios/Pods/fmt/include/fmt/format-inl.h:1394:33)

  1392 |     }
  1393 |     if (n.exp_ > 0)
> 1394 |       out = fmt::format_to(out, FMT_STRING("p{}"),
       |                                 ^ call to consteval function 'fmt::basic_format_string<char, int>::basic_format_string<FMT_COMPILE_STRING, 0>' is not a constant expression
  1395 |                            n.exp_ * detail::bigint::bigit_bits);
  1396 |     return out;
  1397 |   }

› Compiling react-native Pods/Yoga » YGNodeStyle.cpp
› Compiling react-native Pods/Yoga » YGNodeLayout.cpp
› Compiling react-native Pods/Yoga » YGNode.cpp
› Compiling react-native Pods/Yoga » YGEnums.cpp
› Compiling react-native Pods/Yoga » YGConfig.cpp
› Compiling react-native Pods/Yoga » PixelGrid.cpp
› Compiling react-native Pods/Yoga » Node.cpp
› Compiling react-native Pods/Yoga » Log.cpp
    Run script build phase '[CP-User] [Hermes] Replace Hermes for the right configuration, if needed' will be run during every build because it does not specify any outputs. To address this issue, either add output dependencies to the script phase, or configure it to run in every build by unchecking "Based on dependency analysis" in the script phase. (in target 'hermes-engine' from project 'Pods')

› 5 error(s), and 1 warning(s)

CommandError: Failed to build iOS project. "xcodebuild" exited with error code 65.
